[    0.000000] Initializing cgroup subsys cpuset
[    0.000000] Initializing cgroup subsys cpu
[    0.000000] Initializing cgroup subsys cpuacct
[    0.000000] Linux version 4.4.0-210-generic (buildd@lgw01-amd64-009) (gcc version 5.4.0 20160609 (Ubuntu 5.4.0-6ubuntu1~16.04.12) ) #242-Ubuntu SMP Fri Apr 16 09:57:56 UTC 2021 (Ubuntu 4.4.0-210.242-generic 4.4.262)
[    0.000000] Command line: BOOT_IMAGE=/boot/vmlinuz-4.4.0-210-generic root=LABEL=cloudimg-rootfs ro console=tty1 console=ttyS0
[    0.000000] KERNEL supported cpus:
[    0.000000]   Intel GenuineIntel
[    0.000000]   AMD AuthenticAMD
[    0.000000]   Centaur CentaurHauls
[    0.000000] x86/fpu: xstate_offset[2]:  576, xstate_sizes[2]:  256
[    0.000000] x86/fpu: Supporting XSAVE feature 0x01: 'x87 floating point registers'
[    0.000000] x86/fpu: Supporting XSAVE feature 0x02: 'SSE registers'
[    0.000000] x86/fpu: Supporting XSAVE feature 0x04: 'AVX registers'
[    0.000000] x86/fpu: Enabled xstate features 0x7, context size is 832 bytes, using 'standard' format.
[    0.000000] e820: BIOS-provided physical RAM map:
[    0.000000] BIOS-e820: [mem 0x0000000000000000-0x000000000009fbff] usable
[    0.000000] BIOS-e820: [mem 0x000000000009fc00-0x000000000009ffff] reserved
[    0.000000] BIOS-e820: [mem 0x00000000000f0000-0x00000000000fffff] reserved
[    0.000000] BIOS-e820: [mem 0x0000000000100000-0x000000003ffeffff] usable
[    0.000000] BIOS-e820: [mem 0x000000003fff0000-0x000000003fffffff] ACPI data
[    0.000000] BIOS-e820: [mem 0x00000000fec00000-0x00000000fec00fff] reserved
[    0.000000] BIOS-e820: [mem 0x00000000fee00000-0x00000000fee00fff] reserved
[    0.000000] BIOS-e820: [mem 0x00000000fffc0000-0x00000000ffffffff] reserved
[    0.000000] NX (Execute Disable) protection: active
[    0.000000] SMBIOS 2.5 present.
[    0.000000] Hypervisor detected: KVM
[    0.000000] e820: last_pfn = 0x3fff0 max_arch_pfn = 0x400000000
[    0.000000] MTRR: Disabled
[    0.000000] x86/PAT: MTRRs disabled, skipping PAT initialization too.
[    0.000000] CPU MTRRs all blank - virtualized system.
[    0.000000] x86/PAT: Configuration [0-7]: WB  WT  UC- UC  WB  WT  UC- UC  
[    0.000000] found SMP MP-table at [mem 0x0009fff0-0x0009ffff] mapped at [ffff88000009fff0]
[    0.000000] Scanning 1 areas for low memory corruption
[    0.000000] RAMDISK: [mem 0x362dc000-0x37165fff]
[    0.000000] ACPI: Early table checksum verification disabled
[    0.000000] ACPI: RSDP 0x00000000000E0000 000024 (v02 VBOX  )
[    0.000000] ACPI: XSDT 0x000000003FFF0030 00003C (v01 VBOX   VBOXXSDT 00000001 ASL  00000061)
[    0.000000] ACPI: FACP 0x000000003FFF00F0 0000F4 (v04 VBOX   VBOXFACP 00000001 ASL  00000061)
[    0.000000] ACPI: DSDT 0x000000003FFF0470 002325 (v02 VBOX   VBOXBIOS 00000002 INTL 20200925)
[    0.000000] ACPI: FACS 0x000000003FFF0200 000040
[    0.000000] ACPI: FACS 0x000000003FFF0200 000040
[    0.000000] ACPI: APIC 0x000000003FFF0240 00005C (v02 VBOX   VBOXAPIC 00000001 ASL  00000061)
[    0.000000] ACPI: SSDT 0x000000003FFF02A0 0001CC (v01 VBOX   VBOXCPUT 00000002 INTL 20200925)
[    0.000000] No NUMA configuration found
[    0.000000] Faking a node at [mem 0x0000000000000000-0x000000003ffeffff]
[    0.000000] NODE_DATA(0) allocated [mem 0x3ffeb000-0x3ffeffff]
[    0.000000] kvm-clock: Using msrs 4b564d01 and 4b564d00
[    0.000000] kvm-clock: cpu 0, msr 0:3ffe3001, primary cpu clock
[    0.000000] kvm-clock: using sched offset of 4210343338 cycles
[    0.000000] clocksource: kvm-clock: mask: 0xffffffffffffffff max_cycles: 0x1cd42e4dffb, max_idle_ns: 881590591483 ns
[    0.000000] Zone ranges:
[    0.000000]   DMA      [mem 0x0000000000001000-0x0000000000ffffff]
[    0.000000]   DMA32    [mem 0x0000000001000000-0x000000003ffeffff]
[    0.000000]   Normal   empty
[    0.000000]   Device   empty
[    0.000000] Movable zone start for each node
[    0.000000] Early memory node ranges
[    0.000000]   node   0: [mem 0x0000000000001000-0x000000000009efff]
[    0.000000]   node   0: [mem 0x0000000000100000-0x000000003ffeffff]
[    0.000000] Initmem setup node 0 [mem 0x0000000000001000-0x000000003ffeffff]
[    0.000000] ACPI: PM-Timer IO Port: 0x4008
[    0.000000] IOAPIC[0]: apic_id 2, version 32, address 0xfec00000, GSI 0-23
[    0.000000] ACPI: INT_SRC_OVR (bus 0 bus_irq 0 global_irq 2 dfl dfl)
[    0.000000] ACPI: INT_SRC_OVR (bus 0 bus_irq 9 global_irq 9 low level)
[    0.000000] Using ACPI (MADT) for SMP configuration information
[    0.000000] smpboot: Allowing 2 CPUs, 0 hotplug CPUs
[    0.000000] PM: Registered nosave memory: [mem 0x00000000-0x00000fff]
[    0.000000] PM: Registered nosave memory: [mem 0x0009f000-0x0009ffff]
[    0.000000] PM: Registered nosave memory: [mem 0x000a0000-0x000effff]
[    0.000000] PM: Registered nosave memory: [mem 0x000f0000-0x000fffff]
[    0.000000] e820: [mem 0x40000000-0xfebfffff] available for PCI devices
[    0.000000] Booting paravirtualized kernel on KVM
[    0.000000] clocksource: refined-jiffies: mask: 0xffffffff max_cycles: 0xffffffff, max_idle_ns: 7645519600211568 ns
[    0.000000] setup_percpu: NR_CPUS:512 nr_cpumask_bits:512 nr_cpu_ids:2 nr_node_ids:1
[    0.000000] PERCPU: Embedded 33 pages/cpu @ffff88003fc00000 s95192 r8192 d31784 u1048576
[    0.000000] Built 1 zonelists in Node order, mobility grouping on.  Total pages: 257912
[    0.000000] Policy zone: DMA32
[    0.000000] Kernel command line: BOOT_IMAGE=/boot/vmlinuz-4.4.0-210-generic root=LABEL=cloudimg-rootfs ro console=tty1 console=ttyS0
[    0.000000] PID hash table entries: 4096 (order: 3, 32768 bytes)
[    0.000000] Memory: 997792K/1048120K available (8644K kernel code, 1332K rwdata, 4044K rodata, 1492K init, 1164K bss, 50328K reserved, 0K cma-reserved)
[    0.000000] SLUB: HWalign=64, Order=0-3, MinObjects=0, CPUs=2, Nodes=1
[    0.000000] Kernel/User page tables isolation: enabled
[    0.000000] Hierarchical RCU implementation.
[    0.000000] 	Build-time adjustment of leaf fanout to 64.
[    0.000000] 	RCU restricting CPUs from NR_CPUS=512 to nr_cpu_ids=2.
[    0.000000] RCU: Adjusting geometry for rcu_fanout_leaf=64, nr_cpu_ids=2
[    0.000000] NR_IRQS:33024 nr_irqs:440 16
[    0.000000] Console: colour VGA+ 80x25
[    0.000000] console [tty1] enabled
[    0.000000] console [ttyS0] enabled
[    0.000000] tsc: Detected 3191.998 MHz processor
[    0.627613] Calibrating delay loop (skipped) preset value.. 6383.99 BogoMIPS (lpj=12767992)
[    0.636147] pid_max: default: 32768 minimum: 301
[    0.640664] ACPI: Core revision 20150930
[    0.646181] ACPI: 2 ACPI AML tables successfully acquired and loaded
[    0.652910] Security Framework initialized
[    0.657168] Yama: becoming mindful.
[    0.661124] AppArmor: AppArmor initialized
[    0.665487] Dentry cache hash table entries: 131072 (order: 8, 1048576 bytes)
[    0.672803] Inode-cache hash table entries: 65536 (order: 7, 524288 bytes)
[    0.679211] Mount-cache hash table entries: 2048 (order: 2, 16384 bytes)
[    0.685244] Mountpoint-cache hash table entries: 2048 (order: 2, 16384 bytes)
[    0.691788] Initializing cgroup subsys io
[    0.696050] Initializing cgroup subsys memory
[    0.700463] Initializing cgroup subsys devices
[    0.704930] Initializing cgroup subsys freezer
[    0.709518] Initializing cgroup subsys net_cls
[    0.713981] Initializing cgroup subsys perf_event
[    0.718605] Initializing cgroup subsys net_prio
[    0.723127] Initializing cgroup subsys hugetlb
[    0.727613] Initializing cgroup subsys pids
[    0.742852] mce: CPU supports 0 MCE banks
[    0.747222] Last level iTLB entries: 4KB 64, 2MB 8, 4MB 8
[    0.752345] Last level dTLB entries: 4KB 64, 2MB 0, 4MB 0, 1GB 4
[    0.757819] Spectre V1 : Mitigation: usercopy/swapgs barriers and __user pointer sanitization
[    0.766190] Spectre V2 : Mitigation: Full generic retpoline
[    0.771482] Spectre V2 : Spectre v2 / SpectreRSB mitigation: Filling RSB on context switch
[    0.779639] Speculative Store Bypass: Vulnerable
[    0.784289] SRBDS: Unknown: Dependent on hypervisor status
[    0.794462] MDS: Mitigation: Clear CPU buffers
[    0.821064] Freeing SMP alternatives memory: 36K
[    0.870881] ftrace: allocating 32380 entries in 127 pages
[    1.197616] smpboot: APIC(0) Converting physical 0 to logical package 0
[    1.203547] smpboot: Max logical packages: 1
[    1.209422] x2apic enabled
[    1.214098] Switched APIC routing to physical x2apic.
[    1.224944] ..TIMER: vector=0x30 apic1=0 pin1=2 apic2=-1 pin2=-1
[    1.338811] smpboot: CPU0: Intel(R) Core(TM) i7-8700 CPU @ 3.20GHz (family: 0x6, model: 0x9e, stepping: 0xa)
[    1.349356] Performance Events: unsupported p6 CPU model 158 no PMU driver, software events only.
[    1.409244] KVM setup paravirtual spinlock
[    1.414218] x86: Booting SMP configuration:
[    1.418446] .... node  #0, CPUs:      #1
[    1.422911] kvm-clock: cpu 1, msr 0:3ffe3041, secondary cpu clock
[    1.436591] mce: CPU supports 0 MCE banks
[    1.440873] x86: Booted up 1 node, 2 CPUs
[    1.446293] smpboot: Total of 2 processors activated (12767.99 BogoMIPS)
[    1.453542] devtmpfs: initialized
[    1.458623] evm: security.selinux
[    1.462371] evm: security.SMACK64
[    1.466180] evm: security.SMACK64EXEC
[    1.470206] evm: security.SMACK64TRANSMUTE
[    1.474469] evm: security.SMACK64MMAP
[    1.478481] evm: security.ima
[    1.482069] evm: security.capability
[    1.486243] clocksource: jiffies: mask: 0xffffffff max_cycles: 0xffffffff, max_idle_ns: 7645041785100000 ns
[    1.495456] futex hash table entries: 512 (order: 3, 32768 bytes)
[    1.501220] pinctrl core: initialized pinctrl subsystem
[    1.506483] RTC time:  1:34:22, date: 06/11/23
[    1.511267] NET: Registered protocol family 16
[    1.526593] cpuidle: using governor ladder
[    1.542673] cpuidle: using governor menu
[    1.546810] PCCT header not found.
[    1.550630] ACPI: bus type PCI registered
[    1.554848] acpiphp: ACPI Hot Plug PCI Controller Driver version: 0.5
[    1.560923] PCI: Using configuration type 1 for base access
[    1.583840] ACPI: Added _OSI(Module Device)
[    1.588143] ACPI: Added _OSI(Processor Device)
[    1.592622] ACPI: Added _OSI(3.0 _SCP Extensions)
[    1.597252] ACPI: Added _OSI(Processor Aggregator Device)
[    1.603548] ACPI: Executed 1 blocks of module-level executable AML code
[    1.612916] ACPI: Interpreter enabled
[    1.616863] ACPI: (supports S0 S5)
[    1.620622] ACPI: Using IOAPIC for interrupt routing
[    1.625684] PCI: Using host bridge windows from ACPI; if necessary, use "pci=nocrs" and report a bug
[    1.640667] ACPI: PCI Root Bridge [PCI0] (domain 0000 [bus 00-ff])
[    1.646405] acpi PNP0A03:00: _OSC: OS supports [ASPM ClockPM Segments MSI]
[    1.652907] acpi PNP0A03:00: _OSC: not requesting OS control; OS requires [ExtendedConfig ASPM ClockPM MSI]
[    1.662089] acpi PNP0A03:00: fail to add MMCONFIG information, can't access extended PCI configuration space under this bridge.
[    1.673254] PCI host bridge to bus 0000:00
[    1.677513] pci_bus 0000:00: root bus resource [io  0x0000-0x0cf7 window]
[    1.683608] pci_bus 0000:00: root bus resource [io  0x0d00-0xffff window]
[    1.689574] pci_bus 0000:00: root bus resource [mem 0x000a0000-0x000bffff window]
[    1.697244] pci_bus 0000:00: root bus resource [mem 0x40000000-0xfdffffff window]
[    1.704847] pci_bus 0000:00: root bus resource [bus 00-ff]
[    1.717088] pci 0000:00:01.1: legacy IDE quirk: reg 0x10: [io  0x01f0-0x01f7]
[    1.723384] pci 0000:00:01.1: legacy IDE quirk: reg 0x14: [io  0x03f6]
[    1.729318] pci 0000:00:01.1: legacy IDE quirk: reg 0x18: [io  0x0170-0x0177]
[    1.789091] pci 0000:00:01.1: legacy IDE quirk: reg 0x1c: [io  0x0376]
[    1.851473] pci 0000:00:07.0: quirk: [io  0x4000-0x403f] claimed by PIIX4 ACPI
[    1.859070] pci 0000:00:07.0: quirk: [io  0x4100-0x410f] claimed by PIIX4 SMB
[    1.902446] ACPI: PCI Interrupt Link [LNKA] (IRQs 5 9 10 *11)
[    1.910962] ACPI: PCI Interrupt Link [LNKB] (IRQs 5 9 *10 11)
[    1.919061] ACPI: PCI Interrupt Link [LNKC] (IRQs 5 *9 10 11)
[    1.927250] ACPI: PCI Interrupt Link [LNKD] (IRQs 5 9 10 *11)
[    1.935566] ACPI: Enabled 2 GPEs in block 00 to 07
[    1.943014] vgaarb: setting as boot device: PCI:0000:00:02.0
[    1.948231] vgaarb: device added: PCI:0000:00:02.0,decodes=io+mem,owns=io+mem,locks=none
[    1.956300] vgaarb: loaded
[    1.959627] vgaarb: bridge control possible 0000:00:02.0
[    1.965298] SCSI subsystem initialized
[    1.969891] ACPI: bus type USB registered
[    1.974276] usbcore: registered new interface driver usbfs
[    1.979385] usbcore: registered new interface driver hub
[    1.984364] usbcore: registered new device driver usb
[    1.990433] PCI: Using ACPI for IRQ routing
[    1.995948] NetLabel: Initializing
[    1.999714] NetLabel:  domain hash size = 128
[    2.004081] NetLabel:  protocols = UNLABELED CIPSOv4
[    2.008944] NetLabel:  unlabeled traffic allowed by default
[    2.014542] amd_nb: Cannot enumerate AMD northbridges
[    2.019574] clocksource: Switched to clocksource kvm-clock
[    2.033476] AppArmor: AppArmor Filesystem Enabled
[    2.038101] pnp: PnP ACPI init
[    2.043318] pnp: PnP ACPI: found 3 devices
[    2.063804] clocksource: acpi_pm: mask: 0xffffff max_cycles: 0xffffff, max_idle_ns: 2085701024 ns
[    2.073278] NET: Registered protocol family 2
[    2.078943] TCP established hash table entries: 8192 (order: 4, 65536 bytes)
[    2.085708] TCP bind hash table entries: 8192 (order: 5, 131072 bytes)
[    2.092159] TCP: Hash tables configured (established 8192 bind 8192)
[    2.098565] UDP hash table entries: 512 (order: 2, 16384 bytes)
[    2.104542] UDP-Lite hash table entries: 512 (order: 2, 16384 bytes)
[    2.110986] NET: Registered protocol family 1
[    2.115937] pci 0000:00:00.0: Limiting direct PCI/PCI transfers
[    2.122008] pci 0000:00:01.0: Activating ISA DMA hang workarounds
[    2.128695] Unpacking initramfs...
[    2.350042] Freeing initrd memory: 14888K
[    2.354398] clocksource: tsc: mask: 0xffffffffffffffff max_cycles: 0x2e02c314322, max_idle_ns: 440795292111 ns
[    2.364100] platform rtc_cmos: registered platform RTC device (no PNP device found)
[    2.372812] Scanning for low memory corruption every 60 seconds
[    2.380773] audit: initializing netlink subsys (disabled)
[    2.387410] audit: type=2000 audit(1686447268.664:1): initialized
[    2.395435] Initialise system trusted keyring
[    2.401775] HugeTLB registered 2 MB page size, pre-allocated 0 pages
[    2.411158] zbud: loaded
[    2.416053] VFS: Disk quotas dquot_6.6.0
[    2.421640] VFS: Dquot-cache hash table entries: 512 (order 0, 4096 bytes)
[    2.430085] squashfs: version 4.0 (2009/01/31) Phillip Lougher
[    2.437878] fuse init (API version 7.23)
[    2.443749] Key type big_key registered
[    2.449436] Allocating IMA MOK and blacklist keyrings.
[    2.460678] Key type asymmetric registered
[    2.466191] Asymmetric key parser 'x509' registered
[    2.472810] Block layer SCSI generic (bsg) driver version 0.4 loaded (major 249)
[    2.484081] io scheduler noop registered
[    2.489644] io scheduler deadline registered (default)
[    2.496386] io scheduler cfq registered
[    2.502394] pci_hotplug: PCI Hot Plug PCI Core version: 0.5
[    2.510208] pciehp: PCI Express Hot Plug Controller Driver version: 0.4
[    2.521064] ACPI: AC Adapter [AC] (on-line)
[    2.528345] input: Power Button as /devices/LNXSYSTM:00/LNXPWRBN:00/input/input0
[    2.539984] ACPI: Power Button [PWRF]
[    2.545977] input: Sleep Button as /devices/LNXSYSTM:00/LNXSLPBN:00/input/input1
[    2.558640] ACPI: Sleep Button [SLPF]
[    2.565020] GHES: HEST is not enabled!
[    2.571023] Serial: 8250/16550 driver, 32 ports, IRQ sharing enabled
[    2.605329] 00:02: ttyS0 at I/O 0x3f8 (irq = 4, base_baud = 115200) is a 16550A
[    2.621707] Linux agpgart interface v0.103
[    2.631175] loop: module loaded
[    2.637656] scsi host0: ata_piix
[    2.642867] scsi host1: ata_piix
[    2.648011] ata1: PATA max UDMA/33 cmd 0x1f0 ctl 0x3f6 bmdma 0xd000 irq 14
[    2.656497] ata2: PATA max UDMA/33 cmd 0x170 ctl 0x376 bmdma 0xd008 irq 15
[    2.665850] libphy: Fixed MDIO Bus: probed
[    2.672790] tun: Universal TUN/TAP device driver, 1.6
[    2.678301] tun: (C) 1999-2004 Max Krasnyansky <maxk@qualcomm.com>
[    2.684640] PPP generic driver version 2.4.2
[    2.689771] ehci_hcd: USB 2.0 'Enhanced' Host Controller (EHCI) Driver
[    2.696299] ehci-pci: EHCI PCI platform driver
[    2.701274] ehci-platform: EHCI generic platform driver
[    2.706830] ohci_hcd: USB 1.1 'Open' Host Controller (OHCI) Driver
[    2.713109] ohci-pci: OHCI PCI platform driver
[    2.718165] ohci-platform: OHCI generic platform driver
[    2.723736] uhci_hcd: USB Universal Host Controller Interface driver
[    2.730347] i8042: PNP: PS/2 Controller [PNP0303:PS2K,PNP0f03:PS2M] at 0x60,0x64 irq 1,12
[    2.742136] serio: i8042 KBD port at 0x60,0x64 irq 1
[    2.747718] serio: i8042 AUX port at 0x60,0x64 irq 12
[    2.753518] mousedev: PS/2 mouse device common for all mice
[    2.760386] input: AT Translated Set 2 keyboard as /devices/platform/i8042/serio0/input/input2
[    2.771243] rtc_cmos rtc_cmos: rtc core: registered rtc_cmos as rtc0
[    2.778238] rtc_cmos rtc_cmos: alarms up to one day, 114 bytes nvram
[    2.784644] i2c /dev entries driver
[    2.789015] device-mapper: uevent: version 1.0.3
[    2.794312] device-mapper: ioctl: 4.34.0-ioctl (2015-10-28) initialised: dm-devel@redhat.com
[    2.803719] ledtrig-cpu: registered to indicate activity on CPUs
[    2.810795] NET: Registered protocol family 10
[    2.816171] NET: Registered protocol family 17
[    2.823699] Key type dns_resolver registered
[    2.828914] registered taskstats version 1
[    2.833842] Loading compiled-in X.509 certificates
[    2.839640] Loaded X.509 cert 'Build time autogenerated kernel key: cf00e047681d67edb2720680708b7d9498083038'
[    2.870993] zswap: loaded using pool lzo/zbud
[    2.877553] Key type trusted registered
[    2.885433] Key type encrypted registered
[    2.889537] AppArmor: AppArmor sha1 policy hashing enabled
[    2.894921] ima: No TPM chip found, activating TPM-bypass!
[    2.900262] ima: Allocated hash algorithm: sha1
[    2.904811] evm: HMAC attrs: 0x1
[    2.909562]   Magic number: 11:956:558
[    2.913626] tty ttyS30: hash matches
[    2.917889] misc vga_arbiter: hash matches
[    2.922384] rtc_cmos rtc_cmos: setting system clock to 2023-06-11 01:34:24 UTC (1686447264)
[    2.931723] BIOS EDD facility v0.16 2004-Jun-25, 0 devices found
[    2.937757] EDD information not available.
[    2.944944] Freeing unused kernel memory: 1492K
[    2.949858] Write protecting the kernel read-only data: 14336k
[    2.957861] Freeing unused kernel memory: 1584K
[    2.963228] Freeing unused kernel memory: 52K
Loading, please wait...
starting version 229
[    2.987741] random: systemd-udevd: uninitialized urandom read (16 bytes read, 5 bits of entropy available)
[    2.988766] random: udevadm: uninitialized urandom read (16 bytes read, 5 bits of entropy available)
[    2.988787] random: udevadm: uninitialized urandom read (16 bytes read, 5 bits of entropy available)
[    2.999656] random: udevadm: uninitialized urandom read (16 bytes read, 5 bits of entropy available)
[    2.999711] random: udevadm: uninitialized urandom read (16 bytes read, 5 bits of entropy available)
[    2.999885] random: udevadm: uninitialized urandom read (16 bytes read, 5 bits of entropy available)
[    2.999951] random: udevadm: uninitialized urandom read (16 bytes read, 5 bits of entropy available)
[    3.000016] random: udevadm: uninitialized urandom read (16 bytes read, 5 bits of entropy available)
[    3.000085] random: udevadm: uninitialized urandom read (16 bytes read, 5 bits of entropy available)
[    3.000152] random: udevadm: uninitialized urandom read (16 bytes read, 5 bits of entropy available)
[    3.127165] e1000: Intel(R) PRO/1000 Network Driver - version 7.3.21-k8-NAPI
[    3.134298] e1000: Copyright (c) 1999-2006 Intel Corporation.
[    3.144003] Fusion MPT base driver 3.04.20
[    3.148994] Copyright (c) 1999-2008 LSI Corporation
[    3.181652] AVX2 version of gcm_enc/dec engaged.
[    3.187100] AES CTR mode by8 optimization enabled
[    3.216187] Fusion MPT SPI Host driver 3.04.20
[    3.377616] input: ImExPS/2 Generic Explorer Mouse as /devices/platform/i8042/serio1/input/input4
[    3.775805] e1000 0000:00:03.0 eth0: (PCI:33MHz:32-bit) 02:be:82:6b:cc:1d
[    3.782470] e1000 0000:00:03.0 eth0: Intel(R) PRO/1000 Network Connection
[    4.383619] e1000 0000:00:08.0 eth1: (PCI:33MHz:32-bit) 08:00:27:fc:aa:5f
[    4.390532] e1000 0000:00:08.0 eth1: Intel(R) PRO/1000 Network Connection
[    4.400164] e1000 0000:00:03.0 enp0s3: renamed from eth0
[    4.406271] mptbase: ioc0: Initiating bringup
[    4.418208] e1000 0000:00:08.0 enp0s8: renamed from eth1
[    4.729368] ioc0: LSI53C1030 A0: Capabilities={Initiator}
[    6.658778] scsi host2: ioc0: LSI53C1030 A0, FwRev=00000000h, Ports=1, MaxQ=256, IRQ=20
[    7.789876] scsi 2:0:0:0: Direct-Access     VBOX     HARDDISK         1.0  PQ: 0 ANSI: 5
[    7.800072] scsi target2:0:0: Beginning Domain Validation
[    7.808973] scsi target2:0:0: Domain Validation skipping write tests
[    7.815327] scsi target2:0:0: Ending Domain Validation
[    7.821065] scsi target2:0:0: asynchronous
[    7.827122] scsi 2:0:1:0: Direct-Access     VBOX     HARDDISK         1.0  PQ: 0 ANSI: 5
[    7.895101] scsi target2:0:1: Beginning Domain Validation
[    7.904380] scsi target2:0:1: Domain Validation skipping write tests
[    7.910904] scsi target2:0:1: Ending Domain Validation
[    7.916617] scsi target2:0:1: asynchronous
[    7.933834] sd 2:0:0:0: Attached scsi generic sg0 type 0
[    7.933912] sd 2:0:0:0: [sda] 83886080 512-byte logical blocks: (42.9 GB/40.0 GiB)
[    7.934226] sd 2:0:0:0: [sda] Write Protect is off
[    7.934426] sd 2:0:0:0: [sda] Incomplete mode parameter data
[    7.934427] sd 2:0:0:0: [sda] Assuming drive cache: write through
[    7.936303]  sda: sda1
[    7.937293] sd 2:0:0:0: [sda] Attached SCSI disk
[    7.976827] sd 2:0:1:0: [sdb] 20480 512-byte logical blocks: (10.5 MB/10.0 MiB)
[    7.985160] sd 2:0:1:0: Attached scsi generic sg1 type 0
[    7.985390] sd 2:0:1:0: [sdb] Write Protect is off
[    7.985590] sd 2:0:1:0: [sdb] Incomplete mode parameter data
[    7.985591] sd 2:0:1:0: [sdb] Assuming drive cache: write through
[    7.989025] sd 2:0:1:0: [sdb] Attached SCSI disk
Begin: Loading essential drivers ... [   10.674079] md: linear personality registered for level -1
[   10.682584] md: multipath personality registered for level -4
[   10.690842] md: raid0 personality registered for level 0
[   10.703349] md: raid1 personality registered for level 1
[   10.779644] raid6: sse2x1   gen() 11859 MB/s
[   10.851667] raid6: sse2x1   xor()  8905 MB/s
[   10.923639] raid6: sse2x2   gen() 14743 MB/s
[   10.995643] raid6: sse2x2   xor() 12010 MB/s
[   11.067629] raid6: sse2x4   gen() 20513 MB/s
[   11.139621] raid6: sse2x4   xor() 13615 MB/s
[   11.211632] raid6: avx2x1   gen() 26028 MB/s
[   11.283641] raid6: avx2x2   gen() 33536 MB/s
[   11.355658] raid6: avx2x4   gen() 36639 MB/s
[   11.360020] raid6: using algorithm avx2x4 gen() 36639 MB/s
[   11.365171] raid6: using avx2x2 recovery algorithm
[   11.371259] xor: automatically using best checksumming function:
[   11.793189]    avx       : 685619.000 MB/sec
[   11.800178] async_tx: api initialized (async)
[   11.825713] md: raid6 personality registered for level 6
[   11.831112] md: raid5 personality registered for level 5
[   11.836647] md: raid4 personality registered for level 4
[   11.853800] md: raid10 personality registered for level 10
done.
Begin: Running /scripts/init-premount ... done.
Begin: Mounting root file system ... Begin: Running /scripts/local-top ... done.
Begin: Running /scripts/local-premount ... [   11.919547] Btrfs loaded
Scanning for Btrfs filesystems
done.
Warning: fsck not present, so skipping root file system
[   11.958517] EXT4-fs (sda1): mounted filesystem with ordered data mode. Opts: (null)
done.
Begin: Running /scripts/local-bottom ... done.
Begin: Running /scripts/init-bottom ... done.
[   12.100828] systemd[1]: systemd 229 running in system mode. (+PAM +AUDIT +SELINUX +IMA +APPARMOR +SMACK +SYSVINIT +UTMP +LIBCRYPTSETUP +GCRYPT +GNUTLS +ACL +XZ -LZ4 +SECCOMP +BLKID +ELFUTILS +KMOD -IDN)
[   12.117568] systemd[1]: Detected virtualization oracle.
[   12.122804] systemd[1]: Detected architecture x86-64.

Welcome to [1mUbuntu 16.04.7 LTS[0m!

[   12.133181] systemd[1]: Set hostname to <ubuntu>.
[   12.140718] systemd[1]: Initializing machine ID from random generator.
[   12.146792] systemd[1]: Installed transient /etc/machine-id file.
[   12.300902] systemd[1]: Listening on Journal Socket.
[[0;32m  OK  [0m] Listening on Journal Socket.
[   12.310819] systemd[1]: Listening on LVM2 metadata daemon socket.
[[0;32m  OK  [0m] Listening on LVM2 metadata daemon socket.
[   12.322169] systemd[1]: Listening on Device-mapper event daemon FIFOs.
[[0;32m  OK  [0m] Listening on Device-mapper event daemon FIFOs.
[   12.334312] systemd[1]: Started Trigger resolvconf update for networkd DNS.
[[0;32m  OK  [0m] Started Trigger resolvconf update for networkd DNS.
[   12.354823] systemd[1]: Created slice User and Session Slice.
[[0;32m  OK  [0m] Created slice User and Session Slice.
[   12.366780] systemd[1]: Listening on fsck to fsckd communication Socket.
[[0;32m  OK  [0m] Listening on fsck to fsckd communication Socket.
[   12.378871] systemd[1]: Listening on udev Kernel Socket.
[[0;32m  OK  [0m] Listening on udev Kernel Socket.
[   12.389113] systemd[1]: Listening on /dev/initctl Compatibility Named Pipe.
[[0;32m  OK  [0m] Listening on /dev/initctl Compatibility Named Pipe.
[   12.401758] systemd[1]: Listening on Journal Audit Socket.
[[0;32m  OK  [0m] Listening on Journal Audit Socket.
[   12.412291] systemd[1]: Listening on LVM2 poll daemon socket.
[[0;32m  OK  [0m] Listening on LVM2 poll daemon socket.
[   12.421814] systemd[1]: Reached target System Time Synchronized.
[[0;32m  OK  [0m] Reached target System Time Synchronized.
[   12.431525] systemd[1]: Listening on udev Control Socket.
[[0;32m  OK  [0m] Listening on udev Control Socket.
[   12.440615] systemd[1]: Listening on Journal Socket (/dev/log).
[[0;32m  OK  [0m] Listening on Journal Socket (/dev/log).
[   12.450132] systemd[1]: Reached target Swap.
[[0;32m  OK  [0m] Reached target Swap.
[   12.457838] systemd[1]: Listening on Syslog Socket.
[[0;32m  OK  [0m] Listening on Syslog Socket.
[   12.466656] systemd[1]: Created slice System Slice.
[[0;32m  OK  [0m] Created slice System Slice.
[   12.487723] systemd[1]: Mounting POSIX Message Queue File System...
         Mounting POSIX Message Queue File System...
[   12.498155] systemd[1]: Mounting Debug File System...
         Mounting Debug File System...
[   12.507080] systemd[1]: Starting Create list of required static device nodes for the current kernel...
         Starting Create list of required st... nodes for the current kernel...
[   12.522155] systemd[1]: Starting Journal Service...
         Starting Journal Service...
[   12.532043] systemd[1]: Starting Monitoring of LVM2 mirrors, snapshots etc. using dmeventd or progress polling...
         Starting Monitoring of LVM2 mirrors... dmeventd or progress polling...
[   12.548888] systemd[1]: Reached target Slices.
[[0;32m  OK  [0m] Reached target Slices.
[   12.557150] systemd[1]: Created slice system-serial\x2dgetty.slice.
[[0;32m  OK  [0m] Created slice system-serial\x2dgetty.slice.
[   12.568376] systemd[1]: Starting Set console keymap...
         Starting Set console keymap...
[   12.579269] systemd[1]: Starting Load Kernel Modules...
         Starting Load Kernel Modules...
[   12.590088] systemd[1]: Starting Uncomplicated firewall...
         Starting Uncomplicated firewall...
[   12.599448] Loading iSCSI transport class v2.0-870.
[   12.600830] systemd[1]: Starting Nameserver information manager...
         Starting Nameserver information manager...
[   12.615079] systemd[1]: Reached target User and Group Name Lookups.
[[0;32m  OK  [0m] Reached target User and Group Name Lookups.
[   12.625680] systemd[1]: Started Forward Password Requests to Wall Directory Watch.
[   12.637444] iscsi: registered transport (tcp)
[[0;32m  OK  [0m] Started Forward Password Requests to Wall Directory Watch.
[   12.648177] systemd[1]: Set up automount Arbitrary Executable File Formats File System Automount Point.
[   12.658757] random: nonblocking pool is initialized
[[0;32m  OK  [0m] Set up automount Arbitrary Executab...ats File System Automount Point.
[   12.672738] systemd[1]: Reached target Encrypted Volumes.
[[0;32m  OK  [0m] Reached target Encrypted Volumes.
[   12.695880] systemd[1]: Starting File System Check on Root Device...
         Starting File System Check on Root Device...
[   12.710326] systemd[1]: Mounting Huge Pages File System...
         Mounting Huge Pages File System...
[   12.723128] systemd[1]: Mounted Huge Pages File System.
[[0;32m  OK  [0m] Mounted Huge Pages File System.
[   12.734616] systemd[1]: Mounted POSIX Message Queue File System.
[[0;32m  OK  [0m] Mounted POSIX Message Queue File System.
[   12.747155] systemd[1]: Mounted Debug File System.
[[0;32m  OK  [0m] [   12.755168] iscsi: registered transport (iser)
Mounted Debug File System.
[   12.760002] systemd[1]: Started Journal Service.
[[0;32m  OK  [0m] Started Journal Service.
[[0;32m  OK  [0m] Started Create list of required sta...ce nodes for the current kernel.
[[0;32m  OK  [0m] Started Set console keymap.
[[0;32m  OK  [0m] Started Load Kernel Modules.
[[0;32m  OK  [0m] Started Uncomplicated firewall.
[[0;32m  OK  [0m] Started File System Check on Root Device.
[[0;32m  OK  [0m] Started Nameserver information manager.
[[0;32m  OK  [0m] Started File System Check Daemon to report status.
[[0;32m  OK  [0m] Started LVM2 metadata daemon.
         Starting Remount Root and Kernel File Systems...[   12.835786] EXT4-fs (sda1): re-mounted. Opts: (null)

         Mounting FUSE Control File System...
         Starting Apply Kernel Variables...
         Starting Create Static Device Nodes in /dev...
[[0;32m  OK  [0m] Mounted FUSE Control File System.
[[0;32m  OK  [0m] Started Remount Root and Kernel File Systems.
[[0;32m  OK  [0m] Started Apply Kernel Variables.
         Starting udev Coldplug all Devices...
         Starting Load/Save Random Seed...
         Starting Flush Journal to Persistent Storage...
[[0;32m  OK  [0m] Started Create Static Device Nodes in /dev.
[[0;32m  OK  [0m] Started Load/Save Random Seed.
         Starting udev Kernel Device Manager...
[[0;32m  OK  [0m] Started Flush Journal to Persistent Storage.
[[0;32m  OK  [0m] Started udev Coldplug all Devices.
[[0;32m  OK  [0m] Started udev Kernel Device Manager.
[[0;32m  OK  [0m] Started Dispatch Password Requests to Console Directory Watch.
[[0;32m  OK  [0m] Started Monitoring of LVM2 mirrors,...ng dmeventd or progress polling.
[[0;32m  OK  [0m] Reached target Local File Systems (Pre).
[[0;32m  OK  [0m] Reached target Local File Systems.
         Starting Create Volatile Files and Directories...
         Starting Commit a transient machine-id on disk...
         Starting Tell Plymouth To Write Out Runtime Data...
         Starting Initial cloud-init job (pre-networking)...
         Starting LSB: AppArmor initialization...
         Starting Set console font and keymap...
[[0;32m  OK  [0m] Started Create Volatile Files and Directories.
[[0;32m  OK  [0m] Started Tell Plymouth To Write Out Runtime Data.
[[0;32m  OK  [0m] Started Commit a transient machine-id on disk.
         Starting Update UTMP about System Boot/Shutdown...
[[0;32m  OK  [0m] Found device /dev/ttyS0.
[[0;32m  OK  [0m] Started Update UTMP about System Boot/Shutdown.
[[0;32m  OK  [0m] Listening on Load/Save RF Kill Switch Status /dev/rfkill Watch.
[[0;32m  OK  [0m] Started LSB: AppArmor initialization.
[   14.339513] cloud-init[492]: Cloud-init v. 21.1-19-gbad84ad4-0ubuntu1~16.04.2 running 'init-local' at Sun, 11 Jun 2023 01:34:36 +0000. Up 14.04 seconds.
[[0;32m  OK  [0m] Started Initial cloud-init job (pre-networking).
[[0;32m  OK  [0m] Reached target Network (Pre).
         Starting Raise network interfaces...
         Starting Load AppArmor profiles managed internally by snapd...
[[0;32m  OK  [0m] Started Load AppArmor profiles managed internally by snapd.
[[0;32m  OK  [0m] Started Set console font and keymap.
[[0;32m  OK  [0m] Created slice system-getty.slice.
[[0;32m  OK  [0m] Started Raise network interfaces.
[[0;32m  OK  [0m] Reached target Network.
         Starting Initial cloud-init job (metadata service crawler)...
[   18.640524] cloud-init[954]: Cloud-init v. 21.1-19-gbad84ad4-0ubuntu1~16.04.2 running 'init' at Sun, 11 Jun 2023 01:34:40 +0000. Up 17.95 seconds.
[   18.653067] cloud-init[954]: ci-info: ++++++++++++++++++++++++++++++++++++++Net device info+++++++++++++++++++++++++++++++++++++++
[   18.673153] cloud-init[954]: ci-info: +--------+-------+----------------------------+---------------+--------+-------------------+
[   18.685091] cloud-init[954]: ci-info: | Device |   Up  |          Address           |      Mask     | Scope  |     Hw-Address    |
[   18.697060] cloud-init[954]: ci-info: +--------+-------+----------------------------+---------------+--------+-------------------+
[   18.704695] cloud-init[954]: ci-info: | enp0s3 |  True |         10.0.2.15          | 255.255.255.0 | global | 02:be:82:6b:cc:1d |
[   18.712469] cloud-init[954]: ci-info: | enp0s3 |  True | fe80::be:82ff:fe6b:cc1d/64 |       .       |  link  | 02:be:82:6b:cc:1d |[[0;32m  OK  [0m] Started Initial cloud-init job (metadata service crawler).
[[0;32m  OK  [0m] Reached target Cloud-config availability.
[[0;32m  OK  [0m] Reached target System Initialization.
[[0;32m  OK  [0m] Started Daily apt download activities.
[[0;32m  OK  [0m] Listening on ACPID Listen Socket.
[[0;32m  OK  [0m] Started Ubuntu Advantage update messaging.
[[0;32m  OK  [0m] Started Daily Cleanup of Temporary Directories.
[[0;32m  OK  [0m] Listening on UUID daemon activation socket.
         Starting LXD - unix socket.
[[0;32m  OK  [0m] Started Message of the Day.
[[0;32m  OK  [0m] Listening on D-Bus System Message Bus Socket.

[[0;32m  OK  [0m] Started ACPI Events Check.
[[0;32m  OK  [0m] Reached target Paths.
         Starting Socket activation for snappy daemon.
[[0;32m  OK  [0m] Started Daily apt upgrade and clean activities.
[[0;32m  OK  [0m] Reached target Timers.
[[0;32m  OK  [0m] Reached target Network is Online.
[   18.744220] cloud-init[954]: ci-info: | enp0s8 | False |             .              |       .       |   .    | 08:00:27:fc:aa:5f |
[   18.763032] cloud-init[954]: ci-info: |   lo   |  True |         127.0.0.1          |   255.0.0.0   |  host  |         .         |
[   18.769496] cloud-init[954]: ci-info: |   lo   |  True |          ::1/128           |       .       |  host  |         .         |
[   18.775880] cloud-init[954]: ci-info: +--------+-------+----------------------------+---------------+--------+-------------------+
         Starting iSCSI initiator daemon (iscsid)...
[[0;32m  OK  [0m] Listening on LXD - unix socket.
[   18.783711] [[0;32m  OK  [0m] Listening on Socket activation for snappy daemon.
[[0;32m  OK  [0m] Reached target Sockets.
[[0;32m  OK  [0m] Reached target Basic System.
[[0;32m  OK  [0m] Started FUSE filesystem for LXC.
[[0;32m  OK  [0m] Started Deferred execution scheduler.
         Starting LSB: Record successful boot for GRUB...
cloud-init[[0;32m  OK  [0m] Started Regular background program processing daemon.
         Starting LXD - container startup/shutdown...
         Starting Snap Daemon...
[[0;32m  OK  [0m] Started D-Bus System Message Bus.
[954]: ci-info: +++++++++++++++++++++++++++Route IPv4 info++++++++++++++++++++++++++++
[   18.826759] cloud-init[954]: ci-info: +-------+-------------+----------+---------------+-----------+-------+
[   18.835078] cloud-init[954]: ci-info: | Route | Destination | Gateway  |    Genmask    | Interface | Flags |
[   18.843372] cloud-init[954]: ci-info: +-------+-------------+----------+---------------+-----------+-------+
[   18.851521] cloud-init[954]: ci-info: |   0   |   0.0.0.0   | 10.0.2.2 |    0.0.0.0    |   enp0s3  |   UG  |
[   18.860134] cloud-init[954]: ci-info: |   1   |   10.0.2.0  | 0.0.0.0  | 255.255.255.0 |   enp0s3  |   U   |
[   18.868143] cloud-init[954]: ci-info: +-------+-------------+----------+---------------+-----------+-------+
[   18.873994] cloud-init[954]: ci-info: +++++++++++++++++++Route IPv6 info+++++++++++++++++++
[   18.880476] cloud-init[954]: ci-info: +-------+-------------+---------+-----------+-------+
[   18.885853] cloud-init[954]: ci-info: | Route | Destination | Gateway | Interface | Flags |
[   18.892978] cloud-init[954]: ci-info: +-------+-------------+---------+-----------+-------+
[   18.900863] cloud-init[954]: ci-info: |   0   |  fe80::/64  |    ::   |   enp0s3  |   U   |
         Starting Virtualbox guest utils...
         Starting Accounts Service...
         Starting Login Service...
[   18.917506]          Starting Pollinate to seed the pseudo random number generator...
         Starting LSB: MD monitoring daemon...
         Starting /etc/rc.local Compatibility...
         Starting System Logging Service...
[[0;32m  OK  [0m] Started ACPI event daemon.
[[0;32m  OK  [0m] Started /etc/rc.local Compatibility.
[[0;32m  OK  [0m] Started LSB: Record successful boot for GRUB.
cloud-init[954]: ci-info: |   3   |   ff00::/8  |    ::   |   enp0s3  |   U   |[[0;32m  OK  [0m] Started iSCSI initiator daemon (iscsid).

[   18.982473] cloud-init[954]: ci-info: +-------+-------------+---------+-----------+-------+
[   18.991326]          Starting Login to default iSCSI targets...
cloud-init[954]: Generating public/private rsa key pair.
[   19.000791] cloud-init[954]: Your identification has been saved in /etc/ssh/ssh_host_rsa_key.
[   19.006965] cloud-init[954]: Your public key has been saved in /etc/ssh/ssh_host_rsa_key.pub.
[   19.013666] cloud-init[954]: The key fingerprint is:
[   19.018578] cloud-init[954]: SHA256:5HGg32U49b0/luAuf5iPSZSeyvx1zbArDF/L7c9ixsM root@ubuntu-xenial
[   19.026114] cloud-init[954]: The key's randomart image is:
[   19.034488] cloud-init[954]: +---[RSA 2048]----+
[   19.040588] [[0;32m  OK  [0m] Started Login Service.
cloud-init[954]: |        .   .    |
[   19.050618] cloud-init[954]: |       . . o . . |
[   19.056826] [[0;32m  OK  [0m] Started Unattended Upgrades Shutdown.
[[0;32m  OK  [0m] Started System Logging Service.
cloud-init[954]: |      . o + o . .|
[   19.070317] [[0;32m  OK  [0m] Started Login to default iSCSI targets.
[[0;32m  OK  [0m] Reached target Remote File Systems (Pre).
[[0;32m  OK  [0m] Reached target Remote File Systems.
         Starting Permit User Sessions...
         Starting LSB: daemon to balance interrupts for SMP systems...
         Starting LSB: Set the CPU Frequency Scaling governor to "ondemand"...
         Starting LSB: automatic crash report generation...
cloud-init[954]: |       + + +  . .|
[   19.103216] cloud-init[954]: |        S .  +.. |
[   19.107375] cloud-init[954]: |          . + +++|
[   19.120460] [[0;32m  OK  [0m] Started Permit User Sessions.
[[0;32m  OK  [0m] Started LSB: MD monitoring daemon.
cloud-init         Starting Hold until boot process finishes up...
         Starting Terminate Plymouth Boot Screen...
[[0;32m  OK  [0m] Started Hold until boot process finishes up.
[[0;32m  OK  [0m] Started Getty on tty1.
[[0;32m  OK  [0m] Started Serial Getty on ttyS0.
[[0;32m  OK  [0m] Reached target Login Prompts.
         Starting Set console scheme...
[[0;32m  OK  [0m] Started LSB: Set the CPU Frequency Scaling governor to "ondemand".
[[0;32m  OK  [0m] Started Terminate Plymouth Boot Screen.
[[0;32m  OK  [0m] Started Set console scheme.
[[0;32m  OK  [0m] Started LSB: daemon to balance interrupts for SMP systems.
[954]: |           + X+B=|         Starting Authenticate and Authorize Users to Run Privileged Tasks...
[[0;32m  OK  [0m] Started LSB: automatic crash report generation.

[[0;32m  OK  [0m] Started LXD - container startup/shutdown.
[   19.218211] cloud-init[954]: |          o.BoE++|
[   19.236826] cloud-init[954]: |           ++X+==|[[0;32m  OK  [0m] Started Authenticate and Authorize Users to Run Privileged Tasks.
[[0;32m  OK  [0m] Started Accounts Service.

[   19.258619] cloud-init[954]: +----[SHA256]-----+
[   19.265177] cloud-init[954]: Generating public/private dsa key pair.
[   19.272176] cloud-init[954]: Your identification has been saved in /etc/ssh/ssh_host_dsa_key.
[   19.287796] cloud-init[954]: Your public key has been saved in /etc/ssh/ssh_host_dsa_key.pub.
[[0;32m  OK  [0m] Started Virtualbox guest utils.
[   19.299556] cloud-init[954]: The key fingerprint is:
[   19.307336] cloud-init[954]: SHA256:0l+2/qEPiFTgHYpvV68mEH8zws9Jg7O8yDj8899TjsA root@ubuntu-xenial
[   19.317062] cloud-init[954]: The key's randomart image is:
[   19.323848] cloud-init[954]: +---[DSA 1024]----+
[   19.336809] cloud-init[954]: |        . .      |
[   19.344651] cloud-init[954]: |       o + .     |
[   19.352564] cloud-init[954]: |      . + o .    |
[   19.359542] cloud-init[954]: |       o = o .   |
[   19.375438] cloud-init[954]: |      . S B.O .  |
[   19.384138] cloud-init[954]: |       + * %EB  .|
[   19.390789] cloud-init[954]: |     .  . * O..+ |
[   19.398697] [[0;32m  OK  [0m] Started Snap Daemon.
cloud-init[954]: |      oo.. = +o..|
[   19.406318] cloud-init[954]: |      .o+oo.+o+. |
[   19.412124] cloud-init[954]: +----[SHA256]-----+
[   19.417585] cloud-init[954]:          Starting Wait until snapd is fully seeded...
Generating public/private ecdsa key pair.
[   19.427698] cloud-init[954]: Your identification has been saved in /etc/ssh/ssh_host_ecdsa_key.
[   19.448370] cloud-init[954]: Your public key has been saved in /etc/ssh/ssh_host_ecdsa_key.pub.
[   19.459451] cloud-init[954]: [[0;32m  OK  [0m] Started Wait until snapd is fully seeded.
The key fingerprint is:
[   19.477034] cloud-init[954]: SHA256:6qRcxtetIiWq9mHUSV64TTISbGm5ga4ziriwlKILNSY root@ubuntu-xenial         Starting Apply the settings specified in cloud-config...

[   19.491866] cloud-init[954]: The key's randomart image is:
[   19.496505] cloud-init[954]: +---[ECDSA 256]---+
[   19.502498] cloud-init[954]: |   o.o           |
[   19.511092] cloud-init[954]: |  . B. .         |
[   19.515210] cloud-init[954]: | . o.o= o        |
[   19.519484] cloud-init[954]: |  . .= O         |
[   19.523818] cloud-init[954]: |E.+ . = S        |
[   19.528397] cloud-init[954]: |++.o ..... .     |
[   19.532590] cloud-init[954]: |B=  o.*o. . .    |
[   19.537126] cloud-init[954]: |X..o.B...  .     |
[   19.541345] cloud-init[954]: |=+.o+ .. ..      |
[   19.545153] cloud-init[954]: +----[SHA256]-----+
[   19.549017] cloud-init[954]: Generating public/private ed25519 key pair.
[   19.553986] cloud-init[954]: Your identification has been saved in /etc/ssh/ssh_host_ed25519_key.
[   19.560319] cloud-init[954]: Your public key has been saved in /etc/ssh/ssh_host_ed25519_key.pub.
[   19.566364] cloud-init[954]: The key fingerprint is:
[   19.570829] cloud-init[954]: SHA256:Drf+jqZojn6/ZbQNPcqcZwvRvG4W/nuytwdVTm9cHJI root@ubuntu-xenial
[   19.577285] cloud-init[954]: The key's randomart image is:
[   19.582301] cloud-init[954]: +--[ED25519 256]--+
[   19.586279] cloud-init[954]: |             ..o.|
[   19.590787] cloud-init[954]: |             E. =|
[   19.595099] cloud-init[954]: |               ++|
[   19.604702] cloud-init[954]: |         +      *|
[   19.608792] cloud-init[954]: |      . S =    o |
[   19.613129] cloud-init[954]: |       B O.o  .  |
[   19.616989] cloud-init[954]: |        %.=.   . |
[   19.621394] cloud-init[954]: |   .o. +.*+.. o .|
[   19.625602] cloud-init[954]: | .o+o.++o==.+*.o |
[   19.633534] cloud-init[954]: +----[SHA256]-----+
[[0;32m  OK  [0m] Started Pollinate to seed the pseudo random number generator.
         Starting OpenBSD Secure Shell server...
[[0;32m  OK  [0m] Started OpenBSD Secure Shell server.
[[0;32m  OK  [0m] Reached target Multi-User System.
[[0;32m  OK  [0m] Reached target Graphical Interface.
         Starting Update UTMP about System Runlevel Changes...
[[0;32m  OK  [0m] Started Update UTMP about System Runlevel Changes.
[   20.192490] cloud-init[1285]: Generating locales (this might take a while)...
[   21.202230] cloud-init[1285]:   en_US.UTF-8... done
[   21.205895] cloud-init[1285]: Generation complete.
[   21.535728] cloud-init[1285]: Cloud-init v. 21.1-19-gbad84ad4-0ubuntu1~16.04.2 running 'modules:config' at Sun, 11 Jun 2023 01:34:42 +0000. Up 20.01 seconds.
[[0;32m  OK  [0m] Started Apply the settings specified in cloud-config.
         Starting Execute cloud user/final scripts...
ci-info: no authorized SSH keys fingerprints found for user ubuntu.
<14>Jun 11 01:34:44 ec2: 
<14>Jun 11 01:34:44 ec2: #############################################################
<14>Jun 11 01:34:44 ec2: -----BEGIN SSH HOST KEY FINGERPRINTS-----
<14>Jun 11 01:34:44 ec2: 1024 SHA256:0l+2/qEPiFTgHYpvV68mEH8zws9Jg7O8yDj8899TjsA root@ubuntu-xenial (DSA)
<14>Jun 11 01:34:44 ec2: 256 SHA256:6qRcxtetIiWq9mHUSV64TTISbGm5ga4ziriwlKILNSY root@ubuntu-xenial (ECDSA)
<14>Jun 11 01:34:44 ec2: 256 SHA256:Drf+jqZojn6/ZbQNPcqcZwvRvG4W/nuytwdVTm9cHJI root@ubuntu-xenial (ED25519)
<14>Jun 11 01:34:44 ec2: 2048 SHA256:5HGg32U49b0/luAuf5iPSZSeyvx1zbArDF/L7c9ixsM root@ubuntu-xenial (RSA)
<14>Jun 11 01:34:44 ec2: -----END SSH HOST KEY FINGERPRINTS-----
<14>Jun 11 01:34:44 ec2: #############################################################
-----BEGIN SSH HOST KEY KEYS-----
ecdsa-sha2-nistp256 AAAAE2VjZHNhLXNoYTItbmlzdHAyNTYAAAAIbmlzdHAyNTYAAABBBIyMncJ7oBIPwU9Hmttl9QodI+g3+IlaVLir5uOz+dPzd32IfAjZ+2hWoiL/srJzv51K2CnqjryX0NQpqq3Xod4= root@ubuntu-xenial
ssh-ed25519 AAAAC3NzaC1lZDI1NTE5AAAAIAufFJyKwM2PboelS+9O7VpH4du30Mi0UUh+5/rAlwnS root@ubuntu-xenial
ssh-rsa AAAAB3NzaC1yc2EAAAADAQABAAABAQDFb2f6DMh15HYGzWXI8G8TTPqung9Es7LMUQ+srC8p7SfWKNE3yXz7HICmVHRWPaW2cqgDyYR9+364pQcQNzkb6e4iGDrbIMBPlOMpgK+pMWfvDG/Qkayprw4Eu2MhzpLUmoKtDyHkznM2Ewvvm/3VTufqM3wltEG1N8MpEZDhD/z64AttD47+YxQojLHXT9OtOx5vPcvIEYbhkUUW7AmlY3dkYzYfNSxB03//56FhbVAPCHoeGwFckDemwOvMP7WkUrRjdUiAMXDdQ94fxSzYtJj+LTRdTySzKI6J+jwVO1NP0ITY8hHosB+y5bq61MSzMwre4sxjgh39pQUd4vmL root@ubuntu-xenial
-----END SSH HOST KEY KEYS-----
[   22.213768] cloud-init[1350]: Cloud-init v. 21.1-19-gbad84ad4-0ubuntu1~16.04.2 running 'modules:final' at Sun, 11 Jun 2023 01:34:44 +0000. Up 21.97 seconds.
[   22.221683] cloud-init[1350]: ci-info: no authorized SSH keys fingerprints found for user ubuntu.
[   22.227214] cloud-init[1350]: Cloud-init v. 21.1-19-gbad84ad4-0ubuntu1~16.04.2 finished at Sun, 11 Jun 2023 01:34:44 +0000. Datasource DataSourceNoCloud [seed=/dev/sdb][dsmode=net].  Up 22.20 seconds
[[0;32m  OK  [0m] Started Execute cloud user/final scripts.
[[0;32m  OK  [0m] Reached target Cloud-init target.

Ubuntu 16.04.7 LTS ubuntu-xenial ttyS0

ubuntu-xenial login:          Stopping ACPI event daemon...
[[0;32m  OK  [0m] Stopped target Cloud-init target.
[[0;32m  OK  [0m] Stopped target Graphical Interface.
         Stopping Accounts Service...
         Stopping Session 3 of user vagrant.
[[0;32m  OK  [0m] Stopped target Timers.
[[0;32m  OK  [0m] Closed Load/Save RF Kill Switch Status /dev/rfkill Watch.
[[0;32m  OK  [0m] Stopped Execute cloud user/final scripts.
[[0;32m  OK  [0m] Stopped target Multi-User System.
         Stopping vboxadd-service.service...
         Stopping Regular background program processing daemon...
         Stopping D-Bus System Message Bus...
         Stopping FUSE filesystem for LXC...
         Stopping LSB: Set the CPU Frequency Scaling governor to "ondemand"...
         Stopping LSB: Record successful boot for GRUB...
         Stopping LSB: MD monitoring daemon...
[[0;32m  OK  [0m] Stopped target Login Prompts.
         Stopping Getty on tty1...
         Stopping Serial Getty on ttyS0...
         Stopping System Logging Service...
         Stopping LSB: daemon to balance interrupts for SMP systems...
[[0;32m  OK  [0m] Stopped Apply the settings specified in cloud-config.
[[0;32m  OK  [0m] Stopped 
         Stopping User Manager for UID 1000...
         Stopping LXD - container startup/shutdown...
[[0;32m  OK  [0m] Unmounted /var/lib/lxcfs.
[[0;32m  OK  [0m] Stopped Deferred execution scheduler.
[[0;32m  OK  [0m] Stopped Regular background program processing daemon.
[[0;32m  OK  [0m] Stopped Accounts Service.
[[0;32m  OK  [0m] Stopped System Logging Service.
[[0;32m  OK  [0m] Stopped ACPI event daemon.
[[0;32m  OK  [0m] Stopped Getty on tty1.
[[0;32m  OK  [0m] Stopped Serial Getty on ttyS0.
[[0;32m  OK  [0m] Stopped Authenticate and Authorize Users to Run Privileged Tasks.
[[0;32m  OK  [0m] Stopped OpenBSD Secure Shell server.
[[0;32m  OK  [0m] Stopped User Manager for UID 1000.
[[0;32m  OK  [0m] Stopped Session 3 of user vagrant.
[[0;32m  OK  [0m] Stopped vboxadd-service.service.
[[0;32m  OK  [0m] Stopped D-Bus System Message Bus.
[[0;32m  OK  [0m] Stopped A high performance web server and a reverse proxy server.
[[0;32m  OK  [0m] Stopped FUSE filesystem for LXC.
[[0;32m  OK  [0m] Stopped LSB: Record successful boot for GRUB.
[[0;32m  OK  [0m] Stopped LSB: MD monitoring daemon.
[[0;32m  OK  [0m] Stopped LXD - container startup/shutdown.
[[0;32m  OK  [0m] Stopped LSB: Set the CPU Frequency Scaling governor to "ondemand".
[[0;32m  OK  [0m] Stopped LSB: daemon to balance interrupts for SMP systems.
[[0;32m  OK  [0m] Stopped LSB: automatic crash report generation.
         Stopping vboxadd.service...
[[0;32m  OK  [0m] Removed slice User Slice of vagrant.
         Stopping Login Service...
[[0;32m  OK  [0m] Removed slice system-serial\x2dgetty.slice.
         Stopping Permit User Sessions...
[[0;32m  OK  [0m] Removed slice system-getty.slice.
[[0;32m  OK  [0m] Stopped /etc/rc.local Compatibility.
[[0;32m  OK  [0m] Stopped Permit User Sessions.
[[0;32m  OK  [0m] Stopped target Remote File Systems.
         Unmounting /vagrant...
[[0;32m  OK  [0m] Unmounted /vagrant.
[[0;32m  OK  [0m] Stopped Login Service.
[[0;32m  OK  [0m] Stopped target User and Group Name Lookups.
[[0;32m  OK  [0m] Stopped target Remote File Systems (Pre).
         Stopping Login to default iSCSI targets...
[[0;32m  OK  [0m] Stopped vboxadd.service.
[[0;32m  OK  [0m] Stopped target Basic System.
[[0;32m  OK  [0m] Stopped target Paths.
[[0;32m  OK  [0m] Stopped ACPI Events Check.
[[0;32m  OK  [0m] Stopped Dispatch Password Requests to Console Directory Watch.
[[0;32m  OK  [0m] Stopped Forward Password Requests to Wall Directory Watch.
[[0;32m  OK  [0m] Stopped target Sockets.
[[0;32m  OK  [0m] Closed Socket activation for snappy daemon.
[[0;32m  OK  [0m] Closed Syslog Socket.
[[0;32m  OK  [0m] Closed UUID daemon activation socket.
[[0;32m  OK  [0m] Closed ACPID Listen Socket.
[[0;32m  OK  [0m] Closed D-Bus System Message Bus Socket.
[[0;32m  OK  [0m] Closed LXD - unix socket.
[[0;32m  OK  [0m] Stopped target System Initialization.
         Stopping Load/Save Random Seed...
[[0;32m  OK  [0m] Stopped Create Volatile Files and Directories.
[[0;32m  OK  [0m] Stopped target Encrypted Volumes.
[[0;32m  OK  [0m] Stopped target Swap.
[[0;32m  OK  [0m] Stopped Commit a transient machine-id on disk.
[[0;32m  OK  [0m] Stopped target Slices.
[[0;32m  OK  [0m] Removed slice User and Session Slice.
[[0;32m  OK  [0m] Stopped Load/Save Random Seed.
[[0;32m  OK  [0m] Stopped Login to default iSCSI targets.
         Stopping iSCSI initiator daemon (iscsid)...
[[0;32m  OK  [0m] Stopped iSCSI initiator daemon (iscsid).
[[0;32m  OK  [0m] Stopped target Network is Online.
[[0;32m  OK  [0m] Stopped Initial cloud-init job (metadata service crawler).
[[0;32m  OK  [0m] Stopped target Network.
         Stopping Raise network interfaces...
[[0;32m  OK  [0m] Stopped Raise network interfaces.
[[0;32m  OK  [0m] Stopped Apply Kernel Variables.
[[0;32m  OK  [0m] Stopped Load Kernel Modules.
[[0;32m  OK  [0m] Stopped target Local File Systems.
         Unmounting /run/user/1000...
[[0;32m  OK  [0m] Stopped target Network (Pre).
[[0;32m  OK  [0m] Stopped Initial cloud-init job (pre-networking).
[[0;32m  OK  [0m] Unmounted /run/user/1000.
[[0;32m  OK  [0m] Reached target Unmount All Filesystems.
[[0;32m  OK  [0m] Stopped target Local File Systems (Pre).
[[0;32m  OK  [0m] Stopped Remount Root and Kernel File Systems.
         Stopping Monitoring of LVM2 mirrors... dmeventd or progress polling...
[[0;32m  OK  [0m] Stopped Create Static Device Nodes in /dev.
[[0;32m  OK  [0m] Reached target Shutdown.
[ 1049.334406] reboot: Power down
